[31Dec2024 00:01:01.801] [Server thread/INFO] [net.minecraft.server.MinecraftServer/]: myser444 has completed the challenge [Cover Me in Debris]
[31Dec2024 00:04:39.129] [Server thread/INFO] [net.minecraft.server.MinecraftServer/]: [joselete123: Set the time to 1000]
[31Dec2024 00:04:42.145] [Server thread/INFO] [net.minecraft.server.MinecraftServer/]: [carloselpillo: Teleported carloselpillo to joselete123]
[31Dec2024 00:05:28.447] [Server thread/INFO] [com.teampotato.redirector.Redirector/]: Redirecting net/mehvahdjukaar/moonlight/api/entity/ImprovedProjectileEntity$ColliderType
[31Dec2024 00:05:37.342] [Server thread/INFO] [net.minecraft.server.MinecraftServer/]: carloselpillo burned to death
[31Dec2024 00:05:37.356] [Server thread/INFO] [tombstone/]: The player carloselpillo has successfully been saved
[31Dec2024 00:08:45.744] [pool-8-thread-2/INFO] [Supplementaries/]: Searching for closest structure among [ResourceKey[minecraft:worldgen/structure / minecraft:village_snowy], ResourceKey[minecraft:worldgen/structure / blue_skies:village_brightlands], ResourceKey[minecraft:worldgen/structure / minecraft:village_plains], ResourceKey[minecraft:worldgen/structure / blue_skies:village_crystal_dunes], ResourceKey[minecraft:worldgen/structure / blue_skies:village_calming_skies], ResourceKey[minecraft:worldgen/structure / blue_skies:village_shaded_woodlands], ResourceKey[minecraft:worldgen/structure / minecraft:village_desert], ResourceKey[minecraft:worldgen/structure / minecraft:village_savanna]] from pos BlockPos{x=6725, y=71, z=-2661}
[31Dec2024 00:08:49.674] [Server thread/WARN] [net.minecraft.server.MinecraftServer/]: Can't keep up! Is the server overloaded? Running 3556ms or 71 ticks behind
[31Dec2024 00:08:49.715] [Server thread/INFO] [com.teampotato.redirector.Redirector/]: Redirecting net/mehvahdjukaar/amendments/reg/ModBlockProperties$PostType
[31Dec2024 00:08:49.749] [Server thread/WARN] [net.minecraft.server.network.ServerGamePacketListenerImpl/]: joselete123 moved too quickly! 0.5984270457875027,-0.7722207479599632,-10.065667343191308
[31Dec2024 00:09:37.892] [Server thread/WARN] [net.minecraft.server.MinecraftServer/]: Can't keep up! Is the server overloaded? Running 2024ms or 40 ticks behind
[31Dec2024 00:10:17.025] [Server thread/WARN] [net.minecraft.server.MinecraftServer/]: Can't keep up! Is the server overloaded? Running 3006ms or 60 ticks behind
[31Dec2024 00:12:05.872] [Server thread/WARN] [net.minecraft.server.network.ServerGamePacketListenerImpl/]: carloselpillo moved too quickly! -3.649778130065897,-9.337201568309297,3.16046157198474
[31Dec2024 00:13:01.086] [Server thread/INFO] [net.minecraft.server.MinecraftServer/]: [joselete123: Set the weather to clear]
[31Dec2024 00:13:25.862] [Worker-Main-1/WARN] [net.minecraft.world.level.levelgen.structure.pools.JigsawPlacement/]: Empty or non-existent pool: minecraft:
[31Dec2024 00:13:25.863] [Worker-Main-1/WARN] [net.minecraft.world.level.levelgen.structure.pools.JigsawPlacement/]: Empty or non-existent pool: minecraft:
[31Dec2024 00:13:25.863] [Worker-Main-1/WARN] [net.minecraft.world.level.levelgen.structure.pools.JigsawPlacement/]: Empty or non-existent pool: minecraft:
[31Dec2024 00:13:25.863] [Worker-Main-1/WARN] [net.minecraft.world.level.levelgen.structure.pools.JigsawPlacement/]: Empty or non-existent pool: minecraft:
[31Dec2024 00:13:25.864] [Worker-Main-1/WARN] [net.minecraft.world.level.levelgen.structure.pools.JigsawPlacement/]: Empty or non-existent pool: minecraft:
[31Dec2024 00:13:25.865] [Server thread/WARN] [net.minecraft.server.MinecraftServer/]: Can't keep up! Is the server overloaded? Running 3347ms or 66 ticks behind
[31Dec2024 00:13:25.866] [Worker-Main-1/WARN] [net.minecraft.world.level.levelgen.structure.pools.JigsawPlacement/]: Empty or non-existent pool: minecraft:
[31Dec2024 00:13:25.866] [Worker-Main-1/WARN] [net.minecraft.world.level.levelgen.structure.pools.JigsawPlacement/]: Empty or non-existent pool: minecraft:
[31Dec2024 00:13:25.866] [Worker-Main-1/WARN] [net.minecraft.world.level.levelgen.structure.pools.JigsawPlacement/]: Empty or non-existent pool: minecraft:
[31Dec2024 00:13:25.866] [Worker-Main-1/WARN] [net.minecraft.world.level.levelgen.structure.pools.JigsawPlacement/]: Empty or non-existent pool: minecraft:
[31Dec2024 00:13:25.870] [Worker-Main-1/WARN] [net.minecraft.world.level.levelgen.structure.pools.JigsawPlacement/]: Empty or non-existent pool: minecraft:
[31Dec2024 00:13:25.871] [Worker-Main-1/WARN] [net.minecraft.world.level.levelgen.structure.pools.JigsawPlacement/]: Empty or non-existent pool: minecraft:
[31Dec2024 00:13:25.871] [Worker-Main-1/WARN] [net.minecraft.world.level.levelgen.structure.pools.JigsawPlacement/]: Empty or non-existent pool: minecraft:
[31Dec2024 00:13:25.871] [Worker-Main-1/WARN] [net.minecraft.world.level.levelgen.structure.pools.JigsawPlacement/]: Empty or non-existent pool: minecraft:
[31Dec2024 00:14:15.301] [Server thread/WARN] [net.minecraft.server.MinecraftServer/]: Can't keep up! Is the server overloaded? Running 5682ms or 113 ticks behind
[31Dec2024 00:14:26.851] [Server thread/INFO] [net.minecraft.server.MinecraftServer/]: [joselete123: Set the time to 1000]
[31Dec2024 00:15:02.816] [Server thread/INFO] [net.minecraft.server.MinecraftServer/]: <carloselpillo> os vigilo
[31Dec2024 00:16:05.003] [Server thread/WARN] [net.minecraft.server.network.ServerGamePacketListenerImpl/]: joselete123 moved too quickly! -8.729624010650696,-0.7539862017387549,-4.862450667046687
[31Dec2024 00:16:05.012] [Server thread/WARN] [net.minecraft.server.MinecraftServer/]: Can't keep up! Is the server overloaded? Running 2894ms or 57 ticks behind
[31Dec2024 00:17:22.141] [Server thread/WARN] [net.minecraft.server.MinecraftServer/]: Can't keep up! Is the server overloaded? Running 2223ms or 44 ticks behind
[31Dec2024 00:17:24.759] [Server thread/WARN] [net.minecraft.server.network.ServerGamePacketListenerImpl/]: Boat (vehicle of joselete123) moved too quickly! -4.543743833593908,0.0,-9.186047174775467
[31Dec2024 00:17:24.760] [Server thread/WARN] [net.minecraft.server.network.ServerGamePacketListenerImpl/]: Boat (vehicle of joselete123) moved too quickly! -4.672024720292029,0.0,-9.416171622992351
[31Dec2024 00:17:24.761] [Server thread/WARN] [net.minecraft.server.network.ServerGamePacketListenerImpl/]: Boat (vehicle of joselete123) moved too quickly! -4.787477515262253,0.0,-9.62328362090102
[31Dec2024 00:17:24.761] [Server thread/WARN] [net.minecraft.server.network.ServerGamePacketListenerImpl/]: Boat (vehicle of joselete123) moved too quickly! -4.891385027982324,0.0,-9.809684414080948
[31Dec2024 00:17:24.761] [Server thread/WARN] [net.minecraft.server.network.ServerGamePacketListenerImpl/]: Boat (vehicle of joselete123) moved too quickly! -4.9849017869528325,0.0,-9.97744512349891
[31Dec2024 00:17:24.762] [Server thread/WARN] [net.minecraft.server.network.ServerGamePacketListenerImpl/]: Boat (vehicle of joselete123) moved too quickly! -5.069066867797119,0.0,-10.128429757975027
[31Dec2024 00:17:24.762] [Server thread/WARN] [net.minecraft.server.network.ServerGamePacketListenerImpl/]: Boat (vehicle of joselete123) moved too quickly! -5.144815438550722,0.0,-10.264315925403935
[31Dec2024 00:17:24.763] [Server thread/WARN] [net.minecraft.server.network.ServerGamePacketListenerImpl/]: Boat (vehicle of joselete123) moved too quickly! -5.2129891504228,0.0,-10.386613472850058
[31Dec2024 00:17:24.763] [Server thread/WARN] [net.minecraft.server.network.ServerGamePacketListenerImpl/]: Boat (vehicle of joselete123) moved too quickly! -5.274345489481675,0.0,-10.496681262635775
[31Dec2024 00:17:24.764] [Server thread/WARN] [net.minecraft.server.network.ServerGamePacketListenerImpl/]: Boat (vehicle of joselete123) moved too quickly! -5.329566193172468,0.0,-10.595742270818846
[31Dec2024 00:17:24.764] [Server thread/WARN] [net.minecraft.server.network.ServerGamePacketListenerImpl/]: Boat (vehicle of joselete123) moved too quickly! -5.379264825177415,0.0,-10.684897175821789
[31Dec2024 00:17:24.764] [Server thread/WARN] [net.minecraft.server.network.ServerGamePacketListenerImpl/]: Boat (vehicle of joselete123) moved too quickly! -5.42399359279716,0.0,-10.765136588198857
[31Dec2024 00:17:28.384] [Worker-Main-3/WARN] [net.minecraft.world.level.levelgen.structure.pools.JigsawPlacement/]: Empty or non-existent pool: minecraft:
[31Dec2024 00:17:28.384] [Worker-Main-3/WARN] [net.minecraft.world.level.levelgen.structure.pools.JigsawPlacement/]: Empty or non-existent pool: minecraft:
[31Dec2024 00:17:28.385] [Worker-Main-3/WARN] [net.minecraft.world.level.levelgen.structure.pools.JigsawPlacement/]: Empty or non-existent pool: minecraft:
[31Dec2024 00:17:28.385] [Worker-Main-3/WARN] [net.minecraft.world.level.levelgen.structure.pools.JigsawPlacement/]: Empty or non-existent pool: minecraft:
[31Dec2024 00:17:28.385] [Worker-Main-3/WARN] [net.minecraft.world.level.levelgen.structure.pools.JigsawPlacement/]: Empty or non-existent pool: minecraft:
[31Dec2024 00:17:28.385] [Worker-Main-3/WARN] [net.minecraft.world.level.levelgen.structure.pools.JigsawPlacement/]: Empty or non-existent pool: minecraft:
[31Dec2024 00:17:39.637] [Server thread/INFO] [net.minecraft.server.MinecraftServer/]: [myser444: Teleported myser444 to DeferentCurve07]
[31Dec2024 00:17:51.016] [Server thread/INFO] [net.minecraft.server.MinecraftServer/]: <joselete123> la alegría...
[31Dec2024 00:17:55.118] [Server thread/INFO] [net.minecraft.server.MinecraftServer/]: <joselete123> de este día...
[31Dec2024 00:18:31.096] [Server thread/WARN] [net.minecraft.server.MinecraftServer/]: Can't keep up! Is the server overloaded? Running 3178ms or 63 ticks behind
[31Dec2024 00:19:00.323] [Server thread/WARN] [net.minecraft.server.MinecraftServer/]: Can't keep up! Is the server overloaded? Running 2505ms or 50 ticks behind
[31Dec2024 00:19:01.150] [pool-8-thread-3/INFO] [Supplementaries/]: Searching for closest structure among [ResourceKey[minecraft:worldgen/structure / blue_skies:village_sunset_maple_forest], ResourceKey[minecraft:worldgen/structure / minecraft:village_plains], ResourceKey[minecraft:worldgen/structure / blue_skies:village_shaded_woodlands], ResourceKey[minecraft:worldgen/structure / blue_skies:village_calming_skies], ResourceKey[minecraft:worldgen/structure / minecraft:village_snowy], ResourceKey[minecraft:worldgen/structure / minecraft:village_desert], ResourceKey[minecraft:worldgen/structure / minecraft:village_taiga], ResourceKey[minecraft:worldgen/structure / blue_skies:village_brightlands]] from pos BlockPos{x=6789, y=91, z=-3515}
[31Dec2024 00:19:55.163] [Server thread/WARN] [net.minecraft.server.network.ServerGamePacketListenerImpl/]: carloselpillo moved too quickly! 0.6870001159204548,-0.07840000152587834,10.172511109175105
[31Dec2024 00:19:55.179] [Server thread/WARN] [net.minecraft.server.MinecraftServer/]: Can't keep up! Is the server overloaded? Running 3561ms or 71 ticks behind
[31Dec2024 00:19:58.653] [Server thread/WARN] [net.minecraft.server.network.ServerGamePacketListenerImpl/]: Boat (vehicle of joselete123) moved too quickly! 0.09114591387515247,0.008838869760779744,10.183093989833196
[31Dec2024 00:19:58.654] [Server thread/WARN] [net.minecraft.server.network.ServerGamePacketListenerImpl/]: Boat (vehicle of joselete123) moved too quickly! -0.05818246552553319,0.00889194854999431,10.536167017241496
[31Dec2024 00:19:58.654] [Server thread/WARN] [net.minecraft.server.network.ServerGamePacketListenerImpl/]: Boat (vehicle of joselete123) moved too quickly! -0.21291139783443214,0.008924911985225492,10.888379114523559
[31Dec2024 00:19:58.655] [Server thread/WARN] [net.minecraft.server.network.ServerGamePacketListenerImpl/]: Boat (vehicle of joselete123) moved too quickly! -0.3726657182933195,0.008940084212902377,11.239718503885797
[31Dec2024 00:19:58.655] [Server thread/WARN] [net.minecraft.server.network.ServerGamePacketListenerImpl/]: Boat (vehicle of joselete123) moved too quickly! -0.5370876024571771,0.008940668134215457,11.590185682953688
[31Dec2024 00:19:58.656] [Server thread/WARN] [net.minecraft.server.network.ServerGamePacketListenerImpl/]: Boat (vehicle of joselete123) moved too quickly! -0.7058448103516639,0.008930262914262244,11.939786464009103
[31Dec2024 00:19:58.657] [Server thread/WARN] [net.minecraft.server.network.ServerGamePacketListenerImpl/]: Boat (vehicle of joselete123) moved too quickly! -0.8786216571961631,0.008912469599977157,12.288535570144631
[31Dec2024 00:19:58.658] [Server thread/WARN] [net.minecraft.server.network.ServerGamePacketListenerImpl/]: Boat (vehicle of joselete123) moved too quickly! -1.0551207236840128,0.008890595179160243,12.63645390016427
[31Dec2024 00:19:58.659] [Server thread/WARN] [net.minecraft.server.network.ServerGamePacketListenerImpl/]: Boat (vehicle of joselete123) moved too quickly! -1.2350676194737389,0.008867454752682136,12.983563992006566
[31Dec2024 00:19:58.659] [Server thread/WARN] [net.minecraft.server.network.ServerGamePacketListenerImpl/]: Boat (vehicle of joselete123) moved too quickly! -1.4182022075983696,0.008845263523568292,13.329893971552337
[31Dec2024 00:19:58.660] [Server thread/WARN] [net.minecraft.server.network.ServerGamePacketListenerImpl/]: Boat (vehicle of joselete123) moved too quickly! -1.604283737503465,0.00882560501123919,13.675473022669848
[31Dec2024 00:19:58.660] [Server thread/WARN] [net.minecraft.server.network.ServerGamePacketListenerImpl/]: Boat (vehicle of joselete123) moved too quickly! -1.7930856877537735,0.008809459042602441,14.020333363853752
[31Dec2024 00:19:58.660] [Server thread/WARN] [net.minecraft.server.network.ServerGamePacketListenerImpl/]: Boat (vehicle of joselete123) moved too quickly! -1.9843976213751375,0.008797272279132073,14.364507959182447
[31Dec2024 00:19:58.661] [Server thread/WARN] [net.minecraft.server.network.ServerGamePacketListenerImpl/]: Boat (vehicle of joselete123) moved too quickly! -2.1780268370384874,0.008789054859079215,14.708028417202058
[31Dec2024 00:19:58.661] [Server thread/WARN] [net.minecraft.server.network.ServerGamePacketListenerImpl/]: Boat (vehicle of joselete123) moved too quickly! -2.373790141428799,0.008784488696427672,15.050929272728354
[31Dec2024 00:19:58.662] [Server thread/WARN] [net.minecraft.server.network.ServerGamePacketListenerImpl/]: Boat (vehicle of joselete123) moved too quickly! -2.571519382311635,0.008783035636312775,15.393243600124151
[31Dec2024 00:19:58.662] [Server thread/WARN] [net.minecraft.server.network.ServerGamePacketListenerImpl/]: Boat (vehicle of joselete123) moved too quickly! -2.7710599574638763,0.008784036628547653,15.735003177971976
[31Dec2024 00:19:58.663] [Server thread/WARN] [net.minecraft.server.network.ServerGamePacketListenerImpl/]: Boat (vehicle of joselete123) moved too quickly! -2.9722662354315617,0.008786796027351329,16.076240701090228
[31Dec2024 00:19:58.663] [Server thread/WARN] [net.minecraft.server.network.ServerGamePacketListenerImpl/]: Boat (vehicle of joselete123) moved too quickly! -3.1750039013186324,0.008790647818869957,16.416987632547716
[31Dec2024 00:19:58.663] [Server thread/WARN] [net.minecraft.server.network.ServerGamePacketListenerImpl/]: Boat (vehicle of joselete123) moved too quickly! -3.379148830721533,0.008795002860509271,16.757274334290287
[31Dec2024 00:19:58.664] [Server thread/WARN] [net.minecraft.server.network.ServerGamePacketListenerImpl/]: Boat (vehicle of joselete123) moved too quickly! -3.584589293051067,0.008799378002990466,17.097128109716323
[31Dec2024 00:19:58.665] [Server thread/WARN] [net.minecraft.server.network.ServerGamePacketListenerImpl/]: Boat (vehicle of joselete123) moved too quickly! -3.791218276715881,0.008803409235063953,17.4365776706818
[31Dec2024 00:19:58.739] [Server thread/WARN] [net.minecraft.server.network.ServerGamePacketListenerImpl/]: Boat (vehicle of joselete123) moved wrongly! 0.7616087785459058
[31Dec2024 00:19:58.739] [Server thread/WARN] [net.minecraft.server.network.ServerGamePacketListenerImpl/]: Boat (vehicle of joselete123) moved wrongly! 0.7616087785459058
[31Dec2024 00:19:58.740] [Server thread/WARN] [net.minecraft.server.network.ServerGamePacketListenerImpl/]: Boat (vehicle of joselete123) moved wrongly! 0.7616087785459058
[31Dec2024 00:19:58.740] [Server thread/WARN] [net.minecraft.server.network.ServerGamePacketListenerImpl/]: Boat (vehicle of joselete123) moved wrongly! 0.7616087785459058
[31Dec2024 00:19:58.740] [Server thread/WARN] [net.minecraft.server.network.ServerGamePacketListenerImpl/]: Boat (vehicle of joselete123) moved wrongly! 0.7616087785459058
[31Dec2024 00:19:58.740] [Server thread/WARN] [net.minecraft.server.network.ServerGamePacketListenerImpl/]: Boat (vehicle of joselete123) moved wrongly! 0.7616087785459058
[31Dec2024 00:19:58.740] [Server thread/WARN] [net.minecraft.server.network.ServerGamePacketListenerImpl/]: Boat (vehicle of joselete123) moved wrongly! 0.7616087785459058
[31Dec2024 00:19:58.741] [Server thread/WARN] [net.minecraft.server.network.ServerGamePacketListenerImpl/]: Boat (vehicle of joselete123) moved wrongly! 0.7616087785459058
[31Dec2024 00:19:58.741] [Server thread/WARN] [net.minecraft.server.network.ServerGamePacketListenerImpl/]: Boat (vehicle of joselete123) moved wrongly! 0.7616087785459058
[31Dec2024 00:19:58.741] [Server thread/WARN] [net.minecraft.server.network.ServerGamePacketListenerImpl/]: Boat (vehicle of joselete123) moved wrongly! 0.7616087785459058
[31Dec2024 00:19:58.741] [Server thread/WARN] [net.minecraft.server.network.ServerGamePacketListenerImpl/]: Boat (vehicle of joselete123) moved wrongly! 0.7616087785459058
[31Dec2024 00:19:58.741] [Server thread/WARN] [net.minecraft.server.network.ServerGamePacketListenerImpl/]: Boat (vehicle of joselete123) moved wrongly! 0.7616087785459058
[31Dec2024 00:19:58.741] [Server thread/WARN] [net.minecraft.server.network.ServerGamePacketListenerImpl/]: Boat (vehicle of joselete123) moved wrongly! 0.7616087785459058
[31Dec2024 00:19:58.742] [Server thread/WARN] [net.minecraft.server.network.ServerGamePacketListenerImpl/]: Boat (vehicle of joselete123) moved wrongly! 0.7616087785459058
[31Dec2024 00:19:58.742] [Server thread/WARN] [net.minecraft.server.network.ServerGamePacketListenerImpl/]: Boat (vehicle of joselete123) moved wrongly! 0.7616087785459058
[31Dec2024 00:19:58.742] [Server thread/WARN] [net.minecraft.server.network.ServerGamePacketListenerImpl/]: Boat (vehicle of joselete123) moved wrongly! 0.7616087785459058
[31Dec2024 00:19:58.742] [Server thread/WARN] [net.minecraft.server.network.ServerGamePacketListenerImpl/]: Boat (vehicle of joselete123) moved wrongly! 0.7616087785459058
[31Dec2024 00:19:58.742] [Server thread/WARN] [net.minecraft.server.network.ServerGamePacketListenerImpl/]: Boat (vehicle of joselete123) moved wrongly! 0.7616087785459058
[31Dec2024 00:19:58.743] [Server thread/WARN] [net.minecraft.server.network.ServerGamePacketListenerImpl/]: Boat (vehicle of joselete123) moved wrongly! 0.7616087785459058
[31Dec2024 00:19:58.743] [Server thread/WARN] [net.minecraft.server.network.ServerGamePacketListenerImpl/]: Boat (vehicle of joselete123) moved wrongly! 0.7616087785459058
[31Dec2024 00:19:58.743] [Server thread/WARN] [net.minecraft.server.network.ServerGamePacketListenerImpl/]: Boat (vehicle of joselete123) moved wrongly! 0.7616087785459058
[31Dec2024 00:19:58.743] [Server thread/WARN] [net.minecraft.server.network.ServerGamePacketListenerImpl/]: Boat (vehicle of joselete123) moved wrongly! 0.7616087785459058
[31Dec2024 00:19:58.743] [Server thread/WARN] [net.minecraft.server.network.ServerGamePacketListenerImpl/]: Boat (vehicle of joselete123) moved wrongly! 0.42165638082315127
[31Dec2024 00:22:08.003] [pool-8-thread-4/INFO] [Supplementaries/]: Searching for closest structure among [ResourceKey[minecraft:worldgen/structure / minecraft:village_desert], ResourceKey[minecraft:worldgen/structure / blue_skies:village_calming_skies], ResourceKey[minecraft:worldgen/structure / blue_skies:village_sunset_maple_forest], ResourceKey[minecraft:worldgen/structure / blue_skies:village_brightlands], ResourceKey[minecraft:worldgen/structure / minecraft:village_snowy], ResourceKey[minecraft:worldgen/structure / blue_skies:village_slushlands], ResourceKey[minecraft:worldgen/structure / minecraft:village_savanna], ResourceKey[minecraft:worldgen/structure / blue_skies:village_shaded_woodlands]] from pos BlockPos{x=7691, y=67, z=421}
[31Dec2024 00:23:26.382] [Server thread/INFO] [net.minecraft.server.MinecraftServer/]: [joselete123: Set the time to 1000]
[31Dec2024 00:24:16.867] [Server thread/WARN] [net.minecraft.server.network.ServerGamePacketListenerImpl/]: joselete123 moved too quickly! 0.20366859184014174,0.41999998688697815,10.288481448552716
[31Dec2024 00:24:16.870] [Server thread/WARN] [net.minecraft.server.network.ServerGamePacketListenerImpl/]: myser444 moved too quickly! 1.3298332678959923,-2.0,-9.721265877159965
[31Dec2024 00:24:16.878] [Server thread/WARN] [net.minecraft.server.MinecraftServer/]: Can't keep up! Is the server overloaded? Running 4810ms or 96 ticks behind
[31Dec2024 00:26:00.295] [Server thread/WARN] [net.minecraft.server.MinecraftServer/]: Can't keep up! Is the server overloaded? Running 2826ms or 56 ticks behind
[31Dec2024 00:26:00.320] [pool-8-thread-5/INFO] [Supplementaries/]: Searching for closest structure among [ResourceKey[minecraft:worldgen/structure / blue_skies:village_brightlands], ResourceKey[minecraft:worldgen/structure / blue_skies:village_calming_skies], ResourceKey[minecraft:worldgen/structure / minecraft:village_plains], ResourceKey[minecraft:worldgen/structure / minecraft:village_savanna], ResourceKey[minecraft:worldgen/structure / blue_skies:village_slushlands], ResourceKey[minecraft:worldgen/structure / minecraft:village_snowy], ResourceKey[minecraft:worldgen/structure / minecraft:village_desert], ResourceKey[minecraft:worldgen/structure / blue_skies:village_crystal_dunes]] from pos BlockPos{x=7435, y=72, z=1013}
[31Dec2024 00:26:04.346] [Server thread/WARN] [net.minecraft.world.level.chunk.LevelChunk/]: Tried to load a DUMMY block entity @ BlockPos{x=7435, y=72, z=1014} but found not block entity block Block{minecraft:spruce_trapdoor}[facing=north,half=bottom,open=false,powered=false,waterlogged=false] at location
[31Dec2024 00:26:04.346] [Server thread/WARN] [net.minecraft.world.level.chunk.LevelChunk/]: Tried to load a block entity for block Block{minecraft:spruce_trapdoor}[facing=north,half=bottom,open=false,powered=false,waterlogged=false] but failed at location BlockPos{x=7435, y=72, z=1014}
[31Dec2024 00:26:04.346] [Server thread/WARN] [net.minecraft.world.level.chunk.LevelChunk/]: Tried to load a DUMMY block entity @ BlockPos{x=7435, y=71, z=1014} but found not block entity block Block{minecraft:lantern}[hanging=true,waterlogged=false] at location
[31Dec2024 00:26:04.346] [Server thread/WARN] [net.minecraft.world.level.chunk.LevelChunk/]: Tried to load a block entity for block Block{minecraft:lantern}[hanging=true,waterlogged=false] but failed at location BlockPos{x=7435, y=71, z=1014}
[31Dec2024 00:26:04.347] [Server thread/WARN] [net.minecraft.world.level.chunk.LevelChunk/]: Tried to load a DUMMY block entity @ BlockPos{x=7435, y=72, z=1012} but found not block entity block Block{minecraft:spruce_trapdoor}[facing=north,half=bottom,open=false,powered=false,waterlogged=false] at location
[31Dec2024 00:26:04.347] [Server thread/WARN] [net.minecraft.world.level.chunk.LevelChunk/]: Tried to load a block entity for block Block{minecraft:spruce_trapdoor}[facing=north,half=bottom,open=false,powered=false,waterlogged=false] but failed at location BlockPos{x=7435, y=72, z=1012}
[31Dec2024 00:26:04.347] [Server thread/WARN] [net.minecraft.world.level.chunk.LevelChunk/]: Tried to load a DUMMY block entity @ BlockPos{x=7435, y=71, z=1012} but found not block entity block Block{minecraft:lantern}[hanging=true,waterlogged=false] at location
[31Dec2024 00:26:04.349] [Server thread/WARN] [net.minecraft.world.level.chunk.LevelChunk/]: Tried to load a block entity for block Block{minecraft:lantern}[hanging=true,waterlogged=false] but failed at location BlockPos{x=7435, y=71, z=1012}
[31Dec2024 00:26:04.374] [Server thread/WARN] [net.minecraft.server.network.ServerGamePacketListenerImpl/]: joselete123 moved too quickly! -3.957411865710128,-0.8831571208394422,9.157430177541642
[31Dec2024 00:26:05.276] [Server thread/WARN] [net.minecraft.world.level.chunk.LevelChunk/]: Tried to load a DUMMY block entity @ BlockPos{x=7435, y=72, z=1013} but found not block entity block Block{minecraft:spruce_trapdoor}[facing=north,half=bottom,open=false,powered=false,waterlogged=false] at location
[31Dec2024 00:26:05.276] [Server thread/WARN] [net.minecraft.world.level.chunk.LevelChunk/]: Tried to load a block entity for block Block{minecraft:spruce_trapdoor}[facing=north,half=bottom,open=false,powered=false,waterlogged=false] but failed at location BlockPos{x=7435, y=72, z=1013}
[31Dec2024 00:30:00.413] [pool-8-thread-6/INFO] [Supplementaries/]: Searching for closest structure among [ResourceKey[minecraft:worldgen/structure / blue_skies:village_slushlands], ResourceKey[minecraft:worldgen/structure / blue_skies:village_brightlands], ResourceKey[minecraft:worldgen/structure / blue_skies:village_shaded_woodlands], ResourceKey[minecraft:worldgen/structure / minecraft:village_savanna], ResourceKey[minecraft:worldgen/structure / minecraft:village_taiga], ResourceKey[minecraft:worldgen/structure / blue_skies:village_sunset_maple_forest], ResourceKey[minecraft:worldgen/structure / minecraft:village_plains], ResourceKey[minecraft:worldgen/structure / blue_skies:village_crystal_dunes]] from pos BlockPos{x=7045, y=74, z=619}
[31Dec2024 00:30:00.461] [Server thread/WARN] [net.minecraft.world.level.chunk.LevelChunk/]: Tried to load a DUMMY block entity @ BlockPos{x=7045, y=74, z=618} but found not block entity block Block{minecraft:spruce_fence}[east=false,north=false,south=false,waterlogged=false,west=false] at location
[31Dec2024 00:30:00.461] [Server thread/WARN] [net.minecraft.world.level.chunk.LevelChunk/]: Tried to load a block entity for block Block{minecraft:spruce_fence}[east=false,north=false,south=false,waterlogged=false,west=false] but failed at location BlockPos{x=7045, y=74, z=618}
[31Dec2024 00:30:00.461] [Server thread/WARN] [net.minecraft.world.level.chunk.LevelChunk/]: Tried to load a DUMMY block entity @ BlockPos{x=7045, y=73, z=618} but found not block entity block Block{supplementaries:candle_holder}[candles=1,face=ceiling,facing=north,lit=true,waterlogged=false] at location
[31Dec2024 00:30:00.462] [Server thread/WARN] [net.minecraft.world.level.chunk.LevelChunk/]: Tried to load a block entity for block Block{supplementaries:candle_holder}[candles=1,face=ceiling,facing=north,lit=true,waterlogged=false] but failed at location BlockPos{x=7045, y=73, z=618}
[31Dec2024 00:30:03.200] [Server thread/WARN] [net.minecraft.world.level.chunk.LevelChunk/]: Tried to load a DUMMY block entity @ BlockPos{x=7045, y=74, z=619} but found not block entity block Block{minecraft:spruce_fence}[east=false,north=true,south=false,waterlogged=false,west=false] at location
[31Dec2024 00:30:03.201] [Server thread/WARN] [net.minecraft.world.level.chunk.LevelChunk/]: Tried to load a block entity for block Block{minecraft:spruce_fence}[east=false,north=true,south=false,waterlogged=false,west=false] but failed at location BlockPos{x=7045, y=74, z=619}
[31Dec2024 00:31:13.285] [Server thread/WARN] [net.minecraft.server.MinecraftServer/]: Can't keep up! Is the server overloaded? Running 3367ms or 67 ticks behind
[31Dec2024 00:31:42.193] [Server thread/INFO] [com.teampotato.redirector.Redirector/]: Redirecting net/minecraft/world/entity/animal/horse/Markings
[31Dec2024 00:32:21.645] [Server thread/INFO] [net.minecraft.server.MinecraftServer/]: carloselpillo fell from a high place
[31Dec2024 00:32:21.652] [Server thread/INFO] [tombstone/]: The player carloselpillo has successfully been saved
[31Dec2024 00:32:37.513] [Server thread/WARN] [net.minecraft.server.level.ServerPlayerGameMode/]: Mismatch in destroy block pos: BlockPos{x=6201, y=59, z=-389} BlockPos{x=6201, y=58, z=-389}
[31Dec2024 00:32:56.764] [Server thread/INFO] [net.minecraft.server.MinecraftServer/]: [joselete123: Set the time to 1000]
[31Dec2024 00:37:36.494] [Server thread/INFO] [net.minecraft.server.network.ServerGamePacketListenerImpl/]: DeferentCurve07 lost connection: Disconnected
[31Dec2024 00:37:36.495] [Server thread/INFO] [net.minecraft.server.MinecraftServer/]: DeferentCurve07 left the game
[31Dec2024 00:41:28.898] [Server thread/INFO] [net.minecraft.server.MinecraftServer/]: [myser444: Teleported myser444 to joselete123]
[31Dec2024 00:42:35.848] [Server thread/INFO] [net.minecraft.server.MinecraftServer/]: [joselete123: Set the time to 1000]
[31Dec2024 00:43:12.788] [Server thread/WARN] [net.minecraft.server.network.ServerGamePacketListenerImpl/]: carloselpillo moved wrongly!
[31Dec2024 00:47:40.758] [Server thread/WARN] [net.minecraft.server.network.ServerGamePacketListenerImpl/]: carloselpillo moved wrongly!
[31Dec2024 00:50:42.947] [Server thread/WARN] [net.minecraft.server.network.ServerGamePacketListenerImpl/]: carloselpillo moved wrongly!
[31Dec2024 00:50:52.855] [Server thread/INFO] [net.minecraft.server.MinecraftServer/]: [joselete123: Set the weather to clear]
[31Dec2024 00:50:57.801] [Server thread/INFO] [net.minecraft.server.MinecraftServer/]: carloselpillo fell off a ladder
[31Dec2024 00:50:57.806] [Server thread/INFO] [tombstone/]: The player carloselpillo has successfully been saved
[31Dec2024 00:52:50.498] [Server thread/INFO] [net.minecraft.server.MinecraftServer/]: [joselete123: Set the time to 1000]
[31Dec2024 00:53:10.266] [Server thread/INFO] [net.minecraft.server.MinecraftServer/]: [myser444: Set the time to 6000]
[31Dec2024 00:53:29.750] [Server thread/INFO] [net.minecraft.server.MinecraftServer/]: [myser444: Set the time to 18000]
[31Dec2024 00:53:53.891] [Server thread/INFO] [net.minecraft.world.entity.npc.Villager/]: Villager Villager['Librarian'/83531, l='ServerLevel[world]', x=6629.51, y=124.00, z=-784.49] died, message: 'Librarian was slain by carloselpillo'
[31Dec2024 00:53:53.894] [Server thread/INFO] [net.minecraft.world.entity.npc.Villager/]: Villager Villager['Cleric'/72529, l='ServerLevel[world]', x=6629.51, y=124.00, z=-782.49] died, message: 'Cleric was slain by carloselpillo'
[31Dec2024 00:55:29.600] [Server thread/INFO] [net.minecraft.server.MinecraftServer/]: [myser444: Set the time to 1000]
[31Dec2024 00:58:05.465] [Server thread/INFO] [net.minecraft.server.MinecraftServer/]: [myser444: Teleported myser444 to joselete123]
[31Dec2024 01:00:10.694] [Server thread/INFO] [net.minecraft.server.MinecraftServer/]: carloselpillo fell off a ladder
[31Dec2024 01:00:10.700] [Server thread/INFO] [tombstone/]: The player carloselpillo has successfully been saved
[31Dec2024 01:00:58.049] [Server thread/WARN] [net.minecraft.server.level.ServerPlayerGameMode/]: Mismatch in destroy block pos: BlockPos{x=6030, y=61, z=-360} BlockPos{x=6030, y=62, z=-360}
[31Dec2024 01:03:05.003] [Server thread/INFO] [net.minecraft.world.entity.npc.Villager/]: Villager Villager['Toolsmith'/72527, l='ServerLevel[world]', x=6629.51, y=124.00, z=-780.49] died, message: 'Toolsmith was slain by carloselpillo'
[31Dec2024 01:03:05.005] [Server thread/INFO] [net.minecraft.world.entity.npc.Villager/]: Villager Villager['Armorer'/88902, l='ServerLevel[world]', x=6629.61, y=127.00, z=-780.52] died, message: 'Armorer was slain by carloselpillo'
[31Dec2024 01:03:05.005] [Server thread/INFO] [net.minecraft.world.entity.npc.Villager/]: Villager Villager['Librarian'/90528, l='ServerLevel[world]', x=6629.51, y=127.00, z=-778.51] died, message: 'Librarian was slain by carloselpillo'
[31Dec2024 01:05:09.616] [Server thread/INFO] [net.minecraft.server.MinecraftServer/]: <myser444> 7time set day
[31Dec2024 01:05:19.543] [Server thread/INFO] [net.minecraft.server.MinecraftServer/]: [myser444: Set the time to 1000]
[31Dec2024 01:08:27.992] [Server thread/INFO] [net.minecraft.server.MinecraftServer/]: carloselpillo was slain by Iron Golem
[31Dec2024 01:08:28.005] [Server thread/INFO] [tombstone/]: The player carloselpillo has successfully been saved
[31Dec2024 01:16:08.139] [Server thread/INFO] [net.minecraft.server.MinecraftServer/]: [myser444: Set the time to 1000]
[31Dec2024 01:16:25.790] [Server thread/INFO] [net.minecraft.server.MinecraftServer/]: carloselpillo has made the advancement [Enchanter]
[31Dec2024 01:18:00.236] [Server thread/INFO] [net.minecraft.server.MinecraftServer/]: [joselete123: Set the weather to clear]
[31Dec2024 01:19:48.263] [Server thread/INFO] [net.minecraft.server.MinecraftServer/]: <carloselpillo> os vigilo
[31Dec2024 01:19:50.957] [Server thread/INFO] [net.minecraft.server.MinecraftServer/]: [carloselpillo: Teleported carloselpillo to joselete123]
[31Dec2024 01:21:21.688] [Server thread/INFO] [net.minecraft.server.network.ServerGamePacketListenerImpl/]: myser444 lost connection: Disconnected
[31Dec2024 01:21:21.688] [Server thread/INFO] [net.minecraft.server.MinecraftServer/]: myser444 left the game
[31Dec2024 01:26:57.732] [Server thread/INFO] [com.teampotato.redirector.Redirector/]: Redirecting net/minecraft/commands/SharedSuggestionProvider$ElementSuggestionType
[31Dec2024 01:27:00.597] [Server thread/INFO] [net.minecraft.server.commands.LocateCommand/]: Locating element minecraft:village_plains took 0 ms
[31Dec2024 01:28:05.748] [Server thread/INFO] [net.minecraft.server.MinecraftServer/]: [joselete123: Teleported joselete123 to 6784.500000, 1172.000000, 384.500000]
[31Dec2024 01:28:08.836] [Server thread/WARN] [net.minecraft.server.network.ServerGamePacketListenerImpl/]: joselete123 moved too quickly! 0.0,-14.321690065263283,0.0
[31Dec2024 01:28:12.087] [Server thread/INFO] [net.minecraft.server.MinecraftServer/]: [joselete123: Set the time to 1000]
[31Dec2024 01:28:21.900] [Server thread/INFO] [net.minecraft.server.MinecraftServer/]: [joselete123: Teleported joselete123 to 6784.500000, 100.000000, 384.500000]
[31Dec2024 01:28:23.600] [Server thread/INFO] [net.minecraft.server.MinecraftServer/]: joselete123 fell from a high place
[31Dec2024 01:28:23.607] [Server thread/INFO] [tombstone/]: The player joselete123 has successfully been saved
[31Dec2024 01:28:40.493] [Server thread/INFO] [net.minecraft.server.commands.LocateCommand/]: Locating element minecraft:village_savanna took 0 ms
[31Dec2024 01:28:42.939] [Server thread/INFO] [net.minecraft.server.MinecraftServer/]: [joselete123: Teleported joselete123 to 6800.500000, 68.000000, -847.500000]
[31Dec2024 01:29:05.949] [Server thread/INFO] [net.minecraft.server.commands.LocateCommand/]: Locating element minecraft:village_desert took 2936 ms
[31Dec2024 01:29:05.950] [Server thread/WARN] [net.minecraft.server.MinecraftServer/]: Can't keep up! Is the server overloaded? Running 2932ms or 58 ticks behind
[31Dec2024 01:29:20.827] [Server thread/INFO] [net.minecraft.server.MinecraftServer/]: [joselete123: Teleported joselete123 to 10448.500000, 69.000000, -5231.500000]
[31Dec2024 01:29:20.858] [Server thread/INFO] [net.minecraft.server.MinecraftServer/]: [joselete123: Teleported joselete123 to 10448.500000, 69.000000, -5231.500000]
[31Dec2024 01:29:20.919] [Server thread/WARN] [net.minecraft.server.network.ServerGamePacketListenerImpl/]: joselete123 moved too quickly! 0.0,-141.07371160409113,0.0
[31Dec2024 01:29:31.165] [Server thread/WARN] [net.minecraft.server.MinecraftServer/]: Can't keep up! Is the server overloaded? Running 10247ms or 204 ticks behind
[31Dec2024 01:29:39.962] [Server thread/INFO] [net.minecraft.server.MinecraftServer/]: joselete123 has made the advancement [No Step on Snake]
[31Dec2024 01:29:53.770] [Server thread/WARN] [net.minecraft.server.MinecraftServer/]: Can't keep up! Is the server overloaded? Running 2952ms or 59 ticks behind
[31Dec2024 01:33:56.924] [Server thread/INFO] [net.minecraft.server.MinecraftServer/]: [joselete123: Teleported joselete123 to 10448.500000, 124.000000, -5231.500000]
[31Dec2024 01:33:59.043] [Server thread/INFO] [net.minecraft.server.MinecraftServer/]: joselete123 fell from a high place
[31Dec2024 01:33:59.050] [Server thread/INFO] [tombstone/]: The player joselete123 has successfully been saved
[31Dec2024 01:34:11.341] [Server thread/WARN] [net.minecraft.server.MinecraftServer/]: Can't keep up! Is the server overloaded? Running 3973ms or 79 ticks behind
[31Dec2024 01:41:59.784] [Server thread/INFO] [net.minecraft.server.MinecraftServer/]: [joselete123: Teleported joselete123 to carloselpillo]
[31Dec2024 01:42:23.687] [Server thread/INFO] [net.minecraft.server.network.ServerGamePacketListenerImpl/]: joselete123 lost connection: Disconnected
[31Dec2024 01:42:23.687] [Server thread/INFO] [net.minecraft.server.MinecraftServer/]: joselete123 left the game
[31Dec2024 01:45:10.027] [Server thread/INFO] [net.minecraft.server.network.ServerGamePacketListenerImpl/]: carloselpillo lost connection: Disconnected
[31Dec2024 01:45:10.027] [Server thread/INFO] [net.minecraft.server.MinecraftServer/]: carloselpillo left the game
[31Dec2024 01:47:10.819] [Server thread/INFO] [net.minecraft.server.MinecraftServer/]: Stopping the server
[31Dec2024 01:47:10.872] [Server thread/INFO] [com.teampotato.redirector.Redirector/]: Redirecting ovh/corail/tombstone/helper/SupportStructures
[31Dec2024 01:47:10.880] [Config file watcher thread/INFO] [portb.configlib.ConfigLib/]: Watcher has shut down
[31Dec2024 01:47:10.889] [Server thread/INFO] [net.minecraft.server.MinecraftServer/]: Stopping server
[31Dec2024 01:47:10.890] [Server thread/INFO] [net.minecraft.server.MinecraftServer/]: Saving players
[31Dec2024 01:47:10.891] [Server thread/INFO] [net.minecraft.server.MinecraftServer/]: Saving worlds
[31Dec2024 01:47:10.914] [Server thread/INFO] [net.minecraft.server.MinecraftServer/]: Saving chunks for level 'ServerLevel[world]'/minecraft:overworld
[31Dec2024 01:47:10.967] [Server thread/INFO] [net.minecraft.server.MinecraftServer/]: Saving chunks for level 'ServerLevel[world]'/ad_astra:moon_orbit
[31Dec2024 01:47:10.968] [Server thread/INFO] [net.minecraft.server.MinecraftServer/]: Saving chunks for level 'ServerLevel[world]'/proxima_plus:proxima_d
[31Dec2024 01:47:10.970] [Server thread/INFO] [net.minecraft.server.MinecraftServer/]: Saving chunks for level 'ServerLevel[world]'/ad_astra:mercury_orbit
[31Dec2024 01:47:10.970] [Server thread/INFO] [net.minecraft.server.MinecraftServer/]: Saving chunks for level 'ServerLevel[world]'/ad_astra:earth_orbit
[31Dec2024 01:47:10.971] [Server thread/INFO] [net.minecraft.server.MinecraftServer/]: Saving chunks for level 'ServerLevel[world]'/ad_astra:mercury
[31Dec2024 01:47:10.971] [Server thread/INFO] [net.minecraft.server.MinecraftServer/]: Saving chunks for level 'ServerLevel[world]'/ad_astra:glacio
[31Dec2024 01:47:10.973] [Server thread/INFO] [net.minecraft.server.MinecraftServer/]: Saving chunks for level 'ServerLevel[world]'/minecraft:the_end
[31Dec2024 01:47:10.974] [Server thread/INFO] [net.minecraft.server.MinecraftServer/]: Saving chunks for level 'ServerLevel[world]'/aether:the_aether
[31Dec2024 01:47:10.975] [Server thread/INFO] [net.minecraft.server.MinecraftServer/]: Saving chunks for level 'ServerLevel[world]'/ad_astra:venus_orbit
[31Dec2024 01:47:10.975] [Server thread/INFO] [net.minecraft.server.MinecraftServer/]: Saving chunks for level 'ServerLevel[world]'/ad_astra:venus
[31Dec2024 01:47:10.976] [Server thread/INFO] [net.minecraft.server.MinecraftServer/]: Saving chunks for level 'ServerLevel[world]'/minecraft:the_nether
[31Dec2024 01:47:10.977] [Server thread/INFO] [net.minecraft.server.MinecraftServer/]: Saving chunks for level 'ServerLevel[world]'/proxima_plus:proxima_d_orbit
[31Dec2024 01:47:10.978] [Server thread/INFO] [net.minecraft.server.MinecraftServer/]: Saving chunks for level 'ServerLevel[world]'/ad_astra:mars
[31Dec2024 01:47:10.979] [Server thread/INFO] [net.minecraft.server.MinecraftServer/]: Saving chunks for level 'ServerLevel[world]'/blue_skies:everdawn
[31Dec2024 01:47:10.980] [Server thread/INFO] [net.minecraft.server.MinecraftServer/]: Saving chunks for level 'ServerLevel[world]'/ad_astra:moon
[31Dec2024 01:47:10.981] [Server thread/INFO] [net.minecraft.server.MinecraftServer/]: Saving chunks for level 'ServerLevel[world]'/proxima_plus:proxima_b_orbit
[31Dec2024 01:47:10.981] [Server thread/INFO] [net.minecraft.server.MinecraftServer/]: Saving chunks for level 'ServerLevel[world]'/deeperdarker:otherside
[31Dec2024 01:47:10.982] [Server thread/INFO] [net.minecraft.server.MinecraftServer/]: Saving chunks for level 'ServerLevel[world]'/ad_astra:mars_orbit
[31Dec2024 01:47:10.982] [Server thread/INFO] [net.minecraft.server.MinecraftServer/]: Saving chunks for level 'ServerLevel[world]'/ad_astra:glacio_orbit
[31Dec2024 01:47:10.983] [Server thread/INFO] [net.minecraft.server.MinecraftServer/]: Saving chunks for level 'ServerLevel[world]'/twilightforest:twilight_forest
[31Dec2024 01:47:10.987] [Server thread/INFO] [net.minecraft.server.MinecraftServer/]: Saving chunks for level 'ServerLevel[world]'/blue_skies:everbright
[31Dec2024 01:47:10.988] [Server thread/INFO] [net.minecraft.server.MinecraftServer/]: Saving chunks for level 'ServerLevel[world]'/proxima_plus:proxima_b
[31Dec2024 01:47:11.452] [Server thread/INFO] [net.minecraft.server.MinecraftServer/]: ThreadedAnvilChunkStorage (world): All chunks are saved
[31Dec2024 01:47:11.453] [Server thread/INFO] [net.minecraft.server.MinecraftServer/]: ThreadedAnvilChunkStorage (moon_orbit): All chunks are saved
[31Dec2024 01:47:11.453] [Server thread/INFO] [net.minecraft.server.MinecraftServer/]: ThreadedAnvilChunkStorage (proxima_d): All chunks are saved
[31Dec2024 01:47:11.453] [Server thread/INFO] [net.minecraft.server.MinecraftServer/]: ThreadedAnvilChunkStorage (mercury_orbit): All chunks are saved
[31Dec2024 01:47:11.453] [Server thread/INFO] [net.minecraft.server.MinecraftServer/]: ThreadedAnvilChunkStorage (earth_orbit): All chunks are saved
[31Dec2024 01:47:11.453] [Server thread/INFO] [net.minecraft.server.MinecraftServer/]: ThreadedAnvilChunkStorage (mercury): All chunks are saved
[31Dec2024 01:47:11.453] [Server thread/INFO] [net.minecraft.server.MinecraftServer/]: ThreadedAnvilChunkStorage (glacio): All chunks are saved
[31Dec2024 01:47:11.453] [Server thread/INFO] [net.minecraft.server.MinecraftServer/]: ThreadedAnvilChunkStorage (DIM1): All chunks are saved
[31Dec2024 01:47:11.453] [Server thread/INFO] [net.minecraft.server.MinecraftServer/]: ThreadedAnvilChunkStorage (the_aether): All chunks are saved
[31Dec2024 01:47:11.453] [Server thread/INFO] [net.minecraft.server.MinecraftServer/]: ThreadedAnvilChunkStorage (venus_orbit): All chunks are saved
[31Dec2024 01:47:11.453] [Server thread/INFO] [net.minecraft.server.MinecraftServer/]: ThreadedAnvilChunkStorage (venus): All chunks are saved
[31Dec2024 01:47:11.453] [Server thread/INFO] [net.minecraft.server.MinecraftServer/]: ThreadedAnvilChunkStorage (DIM-1): All chunks are saved
[31Dec2024 01:47:11.453] [Server thread/INFO] [net.minecraft.server.MinecraftServer/]: ThreadedAnvilChunkStorage (proxima_d_orbit): All chunks are saved
[31Dec2024 01:47:11.453] [Server thread/INFO] [net.minecraft.server.MinecraftServer/]: ThreadedAnvilChunkStorage (mars): All chunks are saved
[31Dec2024 01:47:11.453] [Server thread/INFO] [net.minecraft.server.MinecraftServer/]: ThreadedAnvilChunkStorage (everdawn): All chunks are saved
[31Dec2024 01:47:11.453] [Server thread/INFO] [net.minecraft.server.MinecraftServer/]: ThreadedAnvilChunkStorage (moon): All chunks are saved
[31Dec2024 01:47:11.453] [Server thread/INFO] [net.minecraft.server.MinecraftServer/]: ThreadedAnvilChunkStorage (proxima_b_orbit): All chunks are saved
[31Dec2024 01:47:11.453] [Server thread/INFO] [net.minecraft.server.MinecraftServer/]: ThreadedAnvilChunkStorage (otherside): All chunks are saved
[31Dec2024 01:47:11.453] [Server thread/INFO] [net.minecraft.server.MinecraftServer/]: ThreadedAnvilChunkStorage (mars_orbit): All chunks are saved
[31Dec2024 01:47:11.453] [Server thread/INFO] [net.minecraft.server.MinecraftServer/]: ThreadedAnvilChunkStorage (glacio_orbit): All chunks are saved
[31Dec2024 01:47:11.453] [Server thread/INFO] [net.minecraft.server.MinecraftServer/]: ThreadedAnvilChunkStorage (twilight_forest): All chunks are saved
[31Dec2024 01:47:11.453] [Server thread/INFO] [net.minecraft.server.MinecraftServer/]: ThreadedAnvilChunkStorage (everbright): All chunks are saved
[31Dec2024 01:47:11.453] [Server thread/INFO] [net.minecraft.server.MinecraftServer/]: ThreadedAnvilChunkStorage (proxima_b): All chunks are saved
[31Dec2024 01:47:11.454] [Server thread/INFO] [net.minecraft.server.MinecraftServer/]: ThreadedAnvilChunkStorage: All dimensions are saved
[31Dec2024 01:47:11.617] [Server thread/INFO] [Framework/]: Unloading server configs...
[31Dec2024 01:47:11.619] [Server thread/INFO] [Framework/]: Sending config unload event for goblintraders-entities.toml
[31Dec2024 01:47:11.622] [Server thread/INFO] [Framework/]: Finished unloading server configs
[31Dec2024 01:47:11.653] [Server thread/INFO] [journeymap/]: Loading JourneyMap Forge Configs
